.F.F.F..FFF.F....FF.                                                     [100%]
=================================== FAILURES ===================================
______________________________ test_mbpp_asserts _______________________________

    def test_mbpp_asserts():
>       assert kth_element([12,3,5,7,19], 5, 2) == 3
E       assert 5 == 3
E        +  where 5 = kth_element([3, 5, 7, 12, 19], 5, 2)

tests/test_task_101.py:4: AssertionError
______________________________ test_mbpp_asserts _______________________________

    def test_mbpp_asserts():
>       assert angle_complex(0,1j)==1.5707963267948966
E       assert 3.141592653589793 == 1.5707963267948966
E        +  where 3.141592653589793 = angle_complex(0, 1j)

tests/test_task_124.py:4: AssertionError
______________________________ test_mbpp_asserts _______________________________

    def test_mbpp_asserts():
>       assert find_Max_Len_Even("python language") == "language"
               ^^^^^^^^^^^^^^^^^
E       NameError: name 'find_Max_Len_Even' is not defined

tests/test_task_315.py:4: NameError
______________________________ test_mbpp_asserts _______________________________

    def test_mbpp_asserts():
        assert common_element([1,2,3,4,5], [5,6,7,8,9])==True
>       assert common_element([1,2,3,4,5], [6,7,8,9])==None
E       assert False == None
E        +  where False = common_element([1, 2, 3, 4, 5], [6, 7, 8, 9])

tests/test_task_431.py:5: AssertionError
______________________________ test_mbpp_asserts _______________________________

    def test_mbpp_asserts():
>       assert sumofFactors(18) == 26
               ^^^^^^^^^^^^
E       NameError: name 'sumofFactors' is not defined

tests/test_task_453.py:4: NameError
______________________________ test_mbpp_asserts _______________________________

    def test_mbpp_asserts():
>       assert upper_ctr('PYthon') == 1
               ^^^^^^^^^
E       NameError: name 'upper_ctr' is not defined

tests/test_task_461.py:4: NameError
______________________________ test_mbpp_asserts _______________________________

    def test_mbpp_asserts():
>       assert parallelogram_area(10,20)==200
               ^^^^^^^^^^^^^^^^^^
E       NameError: name 'parallelogram_area' is not defined

tests/test_task_52.py:4: NameError
______________________________ test_mbpp_asserts _______________________________

    def test_mbpp_asserts():
>       assert sum_of_odd_Factors(30) == 24
               ^^^^^^^^^^^^^^^^^^
E       NameError: name 'sum_of_odd_Factors' is not defined

tests/test_task_853.py:4: NameError
______________________________ test_mbpp_asserts _______________________________

    def test_mbpp_asserts():
>       assert parallelogram_perimeter(10,20)==400
E       assert 60 == 400
E        +  where 60 = parallelogram_perimeter(10, 20)

tests/test_task_882.py:4: AssertionError
=========================== short test summary info ============================
FAILED tests/test_task_101.py::test_mbpp_asserts - assert 5 == 3
FAILED tests/test_task_124.py::test_mbpp_asserts - assert 3.141592653589793 =...
FAILED tests/test_task_315.py::test_mbpp_asserts - NameError: name 'find_Max_...
FAILED tests/test_task_431.py::test_mbpp_asserts - assert False == None
FAILED tests/test_task_453.py::test_mbpp_asserts - NameError: name 'sumofFact...
FAILED tests/test_task_461.py::test_mbpp_asserts - NameError: name 'upper_ctr...
FAILED tests/test_task_52.py::test_mbpp_asserts - NameError: name 'parallelog...
FAILED tests/test_task_853.py::test_mbpp_asserts - NameError: name 'sum_of_od...
FAILED tests/test_task_882.py::test_mbpp_asserts - assert 60 == 400
