{
  "agent_config": {
    "host": "http://localhost:11434",
    "max_iters": 3,
    "model": "devstral-small-2:24b-cloud",
    "repo": "output/demo_flask",
    "temperature": 0.0,
    "verbose": true
  },
  "command": "coverage run -m pytest -q && coverage json -o .coverage.json",
  "module_coverage": {},
  "module_path": null,
  "pytest_output": "....FFFE...F..F......................FFFFFFFFFFFFFFFFFFFFFFFFF.F........ [ 94%]\n....                                                                     [100%]\n==================================== ERRORS ====================================\n________________________ ERROR at setup of test_app_run ________________________\nfile /home/imran/Desktop/CS-5001-AI-Augmented-SE/Week_3/demo/cli_agent/output/demo_flask/tests/test_app.py, line 41\n  def test_app_run(app, mocker):\nE       fixture 'mocker' not found\n>       available fixtures: app, cache, capfd, capfdbinary, caplog, capsys, capsysbinary, capteesys, client, doctest_namespace, monkeypatch, pytestconfig, record_property, record_testsuite_property, record_xml_attribute, recwarn, subtests, tmp_path, tmp_path_factory, tmpdir, tmpdir_factory\n>       use 'pytest --fixtures [testpath]' for help on them.\n\n/home/imran/Desktop/CS-5001-AI-Augmented-SE/Week_3/demo/cli_agent/output/demo_flask/tests/test_app.py:41\n=================================== FAILURES ===================================\n_______________________________ test_client_post _______________________________\n\nclient = <FlaskClient <Flask 'src.app'>>\n\n    def test_client_post(client):\n        response = client.post('/')\n>       assert response.status_code == 200\nE       assert 405 == 200\nE        +  where 405 = <WrapperTestResponse streamed [405 METHOD NOT ALLOWED]>.status_code\n\ntests/test_app.py:31: AssertionError\n_______________________________ test_client_put ________________________________\n\nclient = <FlaskClient <Flask 'src.app'>>\n\n    def test_client_put(client):\n        response = client.put('/')\n>       assert response.status_code == 200\nE       assert 405 == 200\nE        +  where 405 = <WrapperTestResponse streamed [405 METHOD NOT ALLOWED]>.status_code\n\ntests/test_app.py:35: AssertionError\n______________________________ test_client_delete ______________________________\n\nclient = <FlaskClient <Flask 'src.app'>>\n\n    def test_client_delete(client):\n        response = client.delete('/')\n>       assert response.status_code == 200\nE       assert 405 == 200\nE        +  where 405 = <WrapperTestResponse streamed [405 METHOD NOT ALLOWED]>.status_code\n\ntests/test_app.py:39: AssertionError\n_________________________ test_echo_route_invalid_json _________________________\n\nclient = <FlaskClient <Flask 'src.flask'>>\n\n    def test_echo_route_invalid_json(client):\n        response = client.post('/echo', data='invalid json')\n>       assert response.status_code == 400\nE       assert 415 == 400\nE        +  where 415 = <WrapperTestResponse streamed [415 UNSUPPORTED MEDIA TYPE]>.status_code\n\ntests/test_flask.py:29: AssertionError\n_______________________ test_echo_route_non_json_payload _______________________\n\nclient = <FlaskClient <Flask 'src.flask'>>\n\n    def test_echo_route_non_json_payload(client):\n        response = client.post('/echo', data='plain text')\n>       assert response.status_code == 400\nE       assert 415 == 400\nE        +  where 415 = <WrapperTestResponse streamed [415 UNSUPPORTED MEDIA TYPE]>.status_code\n\ntests/test_flask.py:42: AssertionError\n_______________________ test_echo_route_no_content_type ________________________\n\nclient = <FlaskClient <Flask 'src.flask'>>\n\n    def test_echo_route_no_content_type(client):\n        response = client.post('/echo')\n>       assert response.status_code == 400\nE       assert 415 == 400\nE        +  where 415 = <WrapperTestResponse streamed [415 UNSUPPORTED MEDIA TYPE]>.status_code\n\ntests/test_flask.py:165: AssertionError\n________________________ test_echo_route_malformed_json ________________________\n\nclient = <FlaskClient <Flask 'src.flask'>>\n\n    def test_echo_route_malformed_json(client):\n        response = client.post('/echo', data='{\"incomplete\":')\n>       assert response.status_code == 400\nE       assert 415 == 400\nE        +  where 415 = <WrapperTestResponse streamed [415 UNSUPPORTED MEDIA TYPE]>.status_code\n\ntests/test_flask.py:169: AssertionError\n______________________ test_echo_route_extra_commas_json _______________________\n\nclient = <FlaskClient <Flask 'src.flask'>>\n\n    def test_echo_route_extra_commas_json(client):\n        response = client.post('/echo', data='{\"key\": \"value\",}')\n>       assert response.status_code == 400\nE       assert 415 == 400\nE        +  where 415 = <WrapperTestResponse streamed [415 UNSUPPORTED MEDIA TYPE]>.status_code\n\ntests/test_flask.py:173: AssertionError\n_____________________ test_echo_route_trailing_comma_json ______________________\n\nclient = <FlaskClient <Flask 'src.flask'>>\n\n    def test_echo_route_trailing_comma_json(client):\n        response = client.post('/echo', data='{\"key\": \"value\", \"key2\": \"value2\",}')\n>       assert response.status_code == 400\nE       assert 415 == 400\nE        +  where 415 = <WrapperTestResponse streamed [415 UNSUPPORTED MEDIA TYPE]>.status_code\n\ntests/test_flask.py:177: AssertionError\n_____________________ test_echo_route_duplicate_keys_json ______________________\n\nclient = <FlaskClient <Flask 'src.flask'>>\n\n    def test_echo_route_duplicate_keys_json(client):\n        response = client.post('/echo', data='{\"key\": \"value1\", \"key\": \"value2\"}')\n>       assert response.status_code == 400\nE       assert 415 == 400\nE        +  where 415 = <WrapperTestResponse streamed [415 UNSUPPORTED MEDIA TYPE]>.status_code\n\ntests/test_flask.py:181: AssertionError\n______________________ test_echo_route_unquoted_keys_json ______________________\n\nclient = <FlaskClient <Flask 'src.flask'>>\n\n    def test_echo_route_unquoted_keys_json(client):\n        response = client.post('/echo', data='{key: \"value\"}')\n>       assert response.status_code == 400\nE       assert 415 == 400\nE        +  where 415 = <WrapperTestResponse streamed [415 UNSUPPORTED MEDIA TYPE]>.status_code\n\ntests/test_flask.py:185: AssertionError\n______________________ test_echo_route_single_quotes_json ______________________\n\nclient = <FlaskClient <Flask 'src.flask'>>\n\n    def test_echo_route_single_quotes_json(client):\n        response = client.post('/echo', data=\"{'key': 'value'}\")\n>       assert response.status_code == 400\nE       assert 415 == 400\nE        +  where 415 = <WrapperTestResponse streamed [415 UNSUPPORTED MEDIA TYPE]>.status_code\n\ntests/test_flask.py:189: AssertionError\n______________________ test_echo_route_mixed_quotes_json _______________________\n\nclient = <FlaskClient <Flask 'src.flask'>>\n\n    def test_echo_route_mixed_quotes_json(client):\n        response = client.post('/echo', data='{\"key\": \\'value\\'}')\n>       assert response.status_code == 400\nE       assert 415 == 400\nE        +  where 415 = <WrapperTestResponse streamed [415 UNSUPPORTED MEDIA TYPE]>.status_code\n\ntests/test_flask.py:193: AssertionError\n______________________ test_echo_route_escaped_chars_json ______________________\n\nclient = <FlaskClient <Flask 'src.flask'>>\n\n    def test_echo_route_escaped_chars_json(client):\n        response = client.post('/echo', data='{\"key\": \"value\\\\nwith\\\\nescapes\"}')\n>       assert response.status_code == 200\nE       assert 415 == 200\nE        +  where 415 = <WrapperTestResponse streamed [415 UNSUPPORTED MEDIA TYPE]>.status_code\n\ntests/test_flask.py:197: AssertionError\n_____________________ test_echo_route_unicode_escape_json ______________________\n\nclient = <FlaskClient <Flask 'src.flask'>>\n\n    def test_echo_route_unicode_escape_json(client):\n        response = client.post('/echo', data='{\"key\": \"\\\\u0041\"}')\n>       assert response.status_code == 200\nE       assert 415 == 200\nE        +  where 415 = <WrapperTestResponse streamed [415 UNSUPPORTED MEDIA TYPE]>.status_code\n\ntests/test_flask.py:202: AssertionError\n______________________ test_echo_route_large_number_json _______________________\n\nclient = <FlaskClient <Flask 'src.flask'>>\n\n    def test_echo_route_large_number_json(client):\n        response = client.post('/echo', data='{\"big\": 12345678901234567890}')\n>       assert response.status_code == 200\nE       assert 415 == 200\nE        +  where 415 = <WrapperTestResponse streamed [415 UNSUPPORTED MEDIA TYPE]>.status_code\n\ntests/test_flask.py:207: AssertionError\n___________________ test_echo_route_scientific_notation_json ___________________\n\nclient = <FlaskClient <Flask 'src.flask'>>\n\n    def test_echo_route_scientific_notation_json(client):\n        response = client.post('/echo', data='{\"sci\": 1.23e-4}')\n>       assert response.status_code == 200\nE       assert 415 == 200\nE        +  where 415 = <WrapperTestResponse streamed [415 UNSUPPORTED MEDIA TYPE]>.status_code\n\ntests/test_flask.py:212: AssertionError\n________________________ test_echo_route_infinity_json _________________________\n\nclient = <FlaskClient <Flask 'src.flask'>>\n\n    def test_echo_route_infinity_json(client):\n        response = client.post('/echo', data='{\"inf\": Infinity}')\n>       assert response.status_code == 400\nE       assert 415 == 400\nE        +  where 415 = <WrapperTestResponse streamed [415 UNSUPPORTED MEDIA TYPE]>.status_code\n\ntests/test_flask.py:217: AssertionError\n___________________________ test_echo_route_nan_json ___________________________\n\nclient = <FlaskClient <Flask 'src.flask'>>\n\n    def test_echo_route_nan_json(client):\n        response = client.post('/echo', data='{\"nan\": NaN}')\n>       assert response.status_code == 400\nE       assert 415 == 400\nE        +  where 415 = <WrapperTestResponse streamed [415 UNSUPPORTED MEDIA TYPE]>.status_code\n\ntests/test_flask.py:221: AssertionError\n_______________________ test_echo_route_null_value_json ________________________\n\nclient = <FlaskClient <Flask 'src.flask'>>\n\n    def test_echo_route_null_value_json(client):\n        response = client.post('/echo', data='{\"null\": null}')\n>       assert response.status_code == 200\nE       assert 415 == 200\nE        +  where 415 = <WrapperTestResponse streamed [415 UNSUPPORTED MEDIA TYPE]>.status_code\n\ntests/test_flask.py:225: AssertionError\n_____________________ test_echo_route_multiple_nulls_json ______________________\n\nclient = <FlaskClient <Flask 'src.flask'>>\n\n    def test_echo_route_multiple_nulls_json(client):\n        response = client.post('/echo', data='{\"a\": null, \"b\": null, \"c\": null}')\n>       assert response.status_code == 200\nE       assert 415 == 200\nE        +  where 415 = <WrapperTestResponse streamed [415 UNSUPPORTED MEDIA TYPE]>.status_code\n\ntests/test_flask.py:230: AssertionError\n_______________________ test_echo_route_true_false_json ________________________\n\nclient = <FlaskClient <Flask 'src.flask'>>\n\n    def test_echo_route_true_false_json(client):\n        response = client.post('/echo', data='{\"bool1\": true, \"bool2\": false}')\n>       assert response.status_code == 200\nE       assert 415 == 200\nE        +  where 415 = <WrapperTestResponse streamed [415 UNSUPPORTED MEDIA TYPE]>.status_code\n\ntests/test_flask.py:235: AssertionError\n_______________________ test_echo_route_empty_array_json _______________________\n\nclient = <FlaskClient <Flask 'src.flask'>>\n\n    def test_echo_route_empty_array_json(client):\n        response = client.post('/echo', data='{\"arr\": []}')\n>       assert response.status_code == 200\nE       assert 415 == 200\nE        +  where 415 = <WrapperTestResponse streamed [415 UNSUPPORTED MEDIA TYPE]>.status_code\n\ntests/test_flask.py:240: AssertionError\n_____________________ test_echo_route_array_with_null_json _____________________\n\nclient = <FlaskClient <Flask 'src.flask'>>\n\n    def test_echo_route_array_with_null_json(client):\n        response = client.post('/echo', data='{\"arr\": [null, 1, \"text\"]}')\n>       assert response.status_code == 200\nE       assert 415 == 200\nE        +  where 415 = <WrapperTestResponse streamed [415 UNSUPPORTED MEDIA TYPE]>.status_code\n\ntests/test_flask.py:245: AssertionError\n___________________ test_echo_route_array_with_objects_json ____________________\n\nclient = <FlaskClient <Flask 'src.flask'>>\n\n    def test_echo_route_array_with_objects_json(client):\n        response = client.post('/echo', data='{\"arr\": [{\"a\": 1}, {\"b\": 2}]}')\n>       assert response.status_code == 200\nE       assert 415 == 200\nE        +  where 415 = <WrapperTestResponse streamed [415 UNSUPPORTED MEDIA TYPE]>.status_code\n\ntests/test_flask.py:250: AssertionError\n____________________ test_echo_route_array_with_arrays_json ____________________\n\nclient = <FlaskClient <Flask 'src.flask'>>\n\n    def test_echo_route_array_with_arrays_json(client):\n        response = client.post('/echo', data='{\"arr\": [[1, 2], [3, 4]]}')\n>       assert response.status_code == 200\nE       assert 415 == 200\nE        +  where 415 = <WrapperTestResponse streamed [415 UNSUPPORTED MEDIA TYPE]>.status_code\n\ntests/test_flask.py:255: AssertionError\n________________ test_echo_route_object_in_array_in_object_json ________________\n\nclient = <FlaskClient <Flask 'src.flask'>>\n\n    def test_echo_route_object_in_array_in_object_json(client):\n        response = client.post('/echo', data='{\"outer\": {\"inner\": [{\"key\": \"value\"}]}}')\n>       assert response.status_code == 200\nE       assert 415 == 200\nE        +  where 415 = <WrapperTestResponse streamed [415 UNSUPPORTED MEDIA TYPE]>.status_code\n\ntests/test_flask.py:260: AssertionError\n__________________________ test_app_run_with_port_env __________________________\n\nclient = <FlaskClient <Flask 'src.flask'>>\n\n    def test_app_run_with_port_env(client):\n        import os\n        os.environ['PORT'] = '8080'\n        from src.flask import app as test_app\n>       assert test_app.run.__defaults__[1] == 8080\nE       assert None == 8080\n\ntests/test_flask.py:267: AssertionError\n__________________________ test_app_run_default_port ___________________________\n\nclient = <FlaskClient <Flask 'src.flask'>>\n\n    def test_app_run_default_port(client):\n        import os\n        if 'PORT' in os.environ:\n            del os.environ['PORT']\n        from src.flask import app as test_app\n>       assert test_app.run.__defaults__[1] == 5000\nE       assert None == 5000\n\ntests/test_flask.py:274: AssertionError\n______________________________ test_app_run_host _______________________________\n\nclient = <FlaskClient <Flask 'src.flask'>>\n\n    def test_app_run_host(client):\n        from src.flask import app as test_app\n>       assert test_app.run.__defaults__[0] == '0.0.0.0'\nE       AssertionError: assert None == '0.0.0.0'\n\ntests/test_flask.py:278: AssertionError\n_______________________________ test_app_routes ________________________________\n\nclient = <FlaskClient <Flask 'src.flask'>>\n\n    def test_app_routes(client):\n        from src.flask import app as test_app\n>       assert len(test_app.url_map._rules) == 3\nE       AssertionError: assert 4 == 3\nE        +  where 4 = len([<Rule '/static/<filename>' (HEAD, OPTIONS, GET) -> static>, <Rule '/' (HEAD, OPTIONS, GET) -> index>, <Rule '/echo' (OPTIONS, POST) -> echo>, <Rule '/health' (HEAD, OPTIONS, GET) -> health>])\nE        +    where [<Rule '/static/<filename>' (HEAD, OPTIONS, GET) -> static>, <Rule '/' (HEAD, OPTIONS, GET) -> index>, <Rule '/echo' (OPTIONS, POST) -> echo>, <Rule '/health' (HEAD, OPTIONS, GET) -> health>] = Map([<Rule '/static/<filename>' (HEAD, OPTIONS, GET) -> static>,\\n <Rule '/' (HEAD, OPTIONS, GET) -> index>,\\n <Rule '/echo' (OPTIONS, POST) -> echo>,\\n <Rule '/health' (HEAD, OPTIONS, GET) -> health>])._rules\nE        +      where Map([<Rule '/static/<filename>' (HEAD, OPTIONS, GET) -> static>,\\n <Rule '/' (HEAD, OPTIONS, GET) -> index>,\\n <Rule '/echo' (OPTIONS, POST) -> echo>,\\n <Rule '/health' (HEAD, OPTIONS, GET) -> health>]) = <Flask 'src.flask'>.url_map\n\ntests/test_flask.py:287: AssertionError\n=========================== short test summary info ============================\nFAILED tests/test_app.py::test_client_post - assert 405 == 200\nFAILED tests/test_app.py::test_client_put - assert 405 == 200\nFAILED tests/test_app.py::test_client_delete - assert 405 == 200\nFAILED tests/test_flask.py::test_echo_route_invalid_json - assert 415 == 400\nFAILED tests/test_flask.py::test_echo_route_non_json_payload - assert 415 == 400\nFAILED tests/test_flask.py::test_echo_route_no_content_type - assert 415 == 400\nFAILED tests/test_flask.py::test_echo_route_malformed_json - assert 415 == 400\nFAILED tests/test_flask.py::test_echo_route_extra_commas_json - assert 415 ==...\nFAILED tests/test_flask.py::test_echo_route_trailing_comma_json - assert 415 ...\nFAILED tests/test_flask.py::test_echo_route_duplicate_keys_json - assert 415 ...\nFAILED tests/test_flask.py::test_echo_route_unquoted_keys_json - assert 415 =...\nFAILED tests/test_flask.py::test_echo_route_single_quotes_json - assert 415 =...\nFAILED tests/test_flask.py::test_echo_route_mixed_quotes_json - assert 415 ==...\nFAILED tests/test_flask.py::test_echo_route_escaped_chars_json - assert 415 =...\nFAILED tests/test_flask.py::test_echo_route_unicode_escape_json - assert 415 ...\nFAILED tests/test_flask.py::test_echo_route_large_number_json - assert 415 ==...\nFAILED tests/test_flask.py::test_echo_route_scientific_notation_json - assert...\nFAILED tests/test_flask.py::test_echo_route_infinity_json - assert 415 == 400\nFAILED tests/test_flask.py::test_echo_route_nan_json - assert 415 == 400\nFAILED tests/test_flask.py::test_echo_route_null_value_json - assert 415 == 200\nFAILED tests/test_flask.py::test_echo_route_multiple_nulls_json - assert 415 ...\nFAILED tests/test_flask.py::test_echo_route_true_false_json - assert 415 == 200\nFAILED tests/test_flask.py::test_echo_route_empty_array_json - assert 415 == 200\nFAILED tests/test_flask.py::test_echo_route_array_with_null_json - assert 415...\nFAILED tests/test_flask.py::test_echo_route_array_with_objects_json - assert ...\nFAILED tests/test_flask.py::test_echo_route_array_with_arrays_json - assert 4...\nFAILED tests/test_flask.py::test_echo_route_object_in_array_in_object_json - ...\nFAILED tests/test_flask.py::test_app_run_with_port_env - assert None == 8080\nFAILED tests/test_flask.py::test_app_run_default_port - assert None == 5000\nFAILED tests/test_flask.py::test_app_run_host - AssertionError: assert None =...\nFAILED tests/test_flask.py::test_app_routes - AssertionError: assert 4 == 3\nERROR tests/test_app.py::test_app_run\n31 failed, 44 passed, 1 error in 0.78s",
  "tests_passed": false,
  "timestamp_utc": "2026-02-10T12:05:38.560765+00:00",
  "total_coverage_percent": 0.0
}
