{
  "agent_config": {
    "host": "http://localhost:11434",
    "max_iters": 3,
    "model": "devstral-small-2:24b-cloud",
    "repo": "output/demo_streamlit",
    "temperature": 0.0,
    "verbose": true
  },
  "command": "coverage run -m pytest -q && coverage json -o .coverage.json",
  "module_coverage": {},
  "module_path": null,
  "pytest_output": "..........F..............FF                                              [100%]\n=================================== FAILURES ===================================\n____________________ test_validate_expiry_date[01/23-True] _____________________\n\nexpiry_date = '01/23', expected = True\n\n    @pytest.mark.parametrize(\"expiry_date, expected\", [\n        (\"12/25\", True),    # Valid future date\n        (\"01/23\", True),    # Valid current year\n        (\"12/22\", False),   # Expired\n        (\"00/23\", False),   # Invalid month\n        (\"13/23\", False),   # Invalid month\n        (\"12/00\", False),   # Invalid year\n        (\"12/100\", False),  # Invalid year\n        (\"1223\", False),    # Wrong format\n        (\"12-23\", False),   # Wrong separator\n        (\"\", False),        # Empty\n    ])\n    def test_validate_expiry_date(expiry_date, expected):\n        with patch('src.app.datetime') as mock_datetime:\n            mock_datetime.now.return_value.year = 2023\n            mock_datetime.now.return_value.month = 6\n>           assert validate_expiry_date(expiry_date) == expected\nE           AssertionError: assert False == True\nE            +  where False = validate_expiry_date('01/23')\n\ntests/test_app.py:36: AssertionError\n__________________________ test_main_form_submission ___________________________\n\n    def test_main_form_submission():\n        with patch('streamlit.text_input') as mock_text_input, \\\n             patch('streamlit.form_submit_button') as mock_submit, \\\n             patch('streamlit.error') as mock_error, \\\n             patch('streamlit.success') as mock_success, \\\n             patch('streamlit.write') as mock_write:\n    \n            # Setup mock inputs\n            mock_text_input.side_effect = [\"4111 1111 1111 1111\", \"12/25\", \"123\", \"John Doe\", True]\n    \n            # Call main\n            from src.app import main\n            main()\n    \n            # Verify success case\n>           assert mock_success.called\nE           AssertionError: assert False\nE            +  where False = <MagicMock name='success' id='129401206444624'>.called\n\ntests/test_app.py:64: AssertionError\n----------------------------- Captured stderr call -----------------------------\n2026-02-10 06:11:32.919 WARNING streamlit.runtime.scriptrunner_utils.script_run_context: Thread 'MainThread': missing ScriptRunContext! This warning can be ignored when running in bare mode.\n2026-02-10 06:11:32.938 \n  \u001b[33m\u001b[1mWarning:\u001b[0m to view this Streamlit app on a browser, run it with the following\n  command:\n\n    streamlit run /home/imran/Desktop/CS-5001-AI-Augmented-SE/Week_3/demo/venv/lib/python3.12/site-packages/pytest/__main__.py [ARGUMENTS]\n2026-02-10 06:11:32.939 Thread 'MainThread': missing ScriptRunContext! This warning can be ignored when running in bare mode.\n2026-02-10 06:11:32.939 Thread 'MainThread': missing ScriptRunContext! This warning can be ignored when running in bare mode.\n2026-02-10 06:11:32.939 Thread 'MainThread': missing ScriptRunContext! This warning can be ignored when running in bare mode.\n2026-02-10 06:11:32.939 Thread 'MainThread': missing ScriptRunContext! This warning can be ignored when running in bare mode.\n_______________________ test_main_form_validation_errors _______________________\n\n    def test_main_form_validation_errors():\n        with patch('streamlit.text_input') as mock_text_input, \\\n             patch('streamlit.form_submit_button') as mock_submit, \\\n             patch('streamlit.error') as mock_error, \\\n             patch('streamlit.success') as mock_success, \\\n             patch('streamlit.write') as mock_write:\n    \n            # Test empty fields\n            mock_text_input.side_effect = [\"\", \"\", \"\", \"\", True]\n            from src.app import main\n            main()\n            assert mock_error.call_count == 1\n            assert \"All fields are required!\" in str(mock_error.call_args)\n    \n            # Test invalid card number\n            mock_text_input.side_effect = [\"1234 5678 9012 3456\", \"12/25\", \"123\", \"John Doe\", True]\n            main()\n            assert mock_error.call_count == 2\n            assert \"Invalid card number!\" in str(mock_error.call_args)\n    \n            # Test invalid expiry date\n            mock_text_input.side_effect = [\"4111 1111 1111 1111\", \"12/22\", \"123\", \"John Doe\", True]\n            main()\n            assert mock_error.call_count == 3\n            assert \"Invalid expiry date!\" in str(mock_error.call_args)\n    \n            # Test invalid CVV\n            mock_text_input.side_effect = [\"4111 1111 1111 1111\", \"12/25\", \"12\", \"John Doe\", True]\n            main()\n            assert mock_error.call_count == 4\n>           assert \"Invalid CVV!\" in str(mock_error.call_args)\nE           assert 'Invalid CVV!' in \"call('Invalid expiry date!')\"\nE            +  where \"call('Invalid expiry date!')\" = str(call('Invalid expiry date!'))\nE            +    where call('Invalid expiry date!') = <MagicMock name='error' id='129401206682640'>.call_args\n\ntests/test_app.py:97: AssertionError\n----------------------------- Captured stderr call -----------------------------\n2026-02-10 06:11:32.943 Thread 'MainThread': missing ScriptRunContext! This warning can be ignored when running in bare mode.\n2026-02-10 06:11:32.943 Thread 'MainThread': missing ScriptRunContext! This warning can be ignored when running in bare mode.\n2026-02-10 06:11:32.943 Thread 'MainThread': missing ScriptRunContext! This warning can be ignored when running in bare mode.\n2026-02-10 06:11:32.943 Thread 'MainThread': missing ScriptRunContext! This warning can be ignored when running in bare mode.\n2026-02-10 06:11:32.943 Thread 'MainThread': missing ScriptRunContext! This warning can be ignored when running in bare mode.\n2026-02-10 06:11:32.944 Thread 'MainThread': missing ScriptRunContext! This warning can be ignored when running in bare mode.\n2026-02-10 06:11:32.944 Thread 'MainThread': missing ScriptRunContext! This warning can be ignored when running in bare mode.\n2026-02-10 06:11:32.944 Thread 'MainThread': missing ScriptRunContext! This warning can be ignored when running in bare mode.\n2026-02-10 06:11:32.944 Thread 'MainThread': missing ScriptRunContext! This warning can be ignored when running in bare mode.\n2026-02-10 06:11:32.944 Thread 'MainThread': missing ScriptRunContext! This warning can be ignored when running in bare mode.\n2026-02-10 06:11:32.944 Thread 'MainThread': missing ScriptRunContext! This warning can be ignored when running in bare mode.\n2026-02-10 06:11:32.944 Thread 'MainThread': missing ScriptRunContext! This warning can be ignored when running in bare mode.\n2026-02-10 06:11:32.944 Thread 'MainThread': missing ScriptRunContext! This warning can be ignored when running in bare mode.\n2026-02-10 06:11:32.944 Thread 'MainThread': missing ScriptRunContext! This warning can be ignored when running in bare mode.\n2026-02-10 06:11:32.944 Thread 'MainThread': missing ScriptRunContext! This warning can be ignored when running in bare mode.\n2026-02-10 06:11:32.944 Thread 'MainThread': missing ScriptRunContext! This warning can be ignored when running in bare mode.\n2026-02-10 06:11:32.944 Thread 'MainThread': missing ScriptRunContext! This warning can be ignored when running in bare mode.\n2026-02-10 06:11:32.944 Thread 'MainThread': missing ScriptRunContext! This warning can be ignored when running in bare mode.\n2026-02-10 06:11:32.944 Thread 'MainThread': missing ScriptRunContext! This warning can be ignored when running in bare mode.\n2026-02-10 06:11:32.945 Thread 'MainThread': missing ScriptRunContext! This warning can be ignored when running in bare mode.\n=========================== short test summary info ============================\nFAILED tests/test_app.py::test_validate_expiry_date[01/23-True] - AssertionEr...\nFAILED tests/test_app.py::test_main_form_submission - AssertionError: assert ...\nFAILED tests/test_app.py::test_main_form_validation_errors - assert 'Invalid ...\n3 failed, 24 passed in 0.33s",
  "tests_passed": false,
  "timestamp_utc": "2026-02-10T12:11:33.042154+00:00",
  "total_coverage_percent": 0.0
}
